= Logs of language model for Danish (da) =

- Generated by BuildLangModel.py
- Started: 2016-02-19 17:53:58.564190
- Maximum depth: 4
- Max number of pages: 100

== Parsed pages ==

Forside (revision 2692411)
16. februar (revision 6877446)
17. februar (revision 8454583)
1878 (revision 8280505)
19. februar (revision 8206479)
1922 (revision 8455105)
1926 (revision 8425271)
1942 (revision 8443554)
1945 (revision 8448461)
1948 (revision 8454392)
1985 (revision 8409096)
2. verdenskrig (revision 8433181)
23. oktober (revision 6877825)
26. oktober (revision 7849938)
3C 273 (revision 8443798)
A-bus (revision 8427319)
Aktuelle begivenheder (revision 8440596)
B-52 Stratofortress (revision 8422571)
Borgerkrigen i Syrien (revision 8447763)
Boutros Boutros-Ghali (revision 8453935)
Brasilien (revision 8452750)
Cusco (region) (revision 7693764)
Danmark (revision 8451178)
Danmark i Eurovision Song Contest (revision 8453514)
Dansk (sprog) (revision 8455750)
Dansk Melodi Grand Prix 2016 (revision 8452164)
Dobbeltmordet på Peter Bangs Vej (revision 8334648)
Encyklopædi (revision 8446641)
Eritrea-sagen (revision 8452285)
Eurovision Song Contest 2014 (revision 8445804)
Eurovision Song Contest 2016 (revision 8453588)
Flygtningekrisen i Europa 2015 (revision 8452286)
Fonograf (revision 8177165)
Formel 1 (revision 8450846)
Formel 1 2016 (revision 8456463)
Frederik 6. (revision 8438503)
Første observation af gravitationsbølger (revision 8451269)
Grammofon (revision 8375093)
Guadalcanal (revision 7796248)
Harper Lee (revision 8456583)
Hartkorn (revision 8437552)
IC4 (revision 8446402)
IC4-sagen (revision 8434463)
Islamisk Stat (revision 8439228)
Jonathan Leunbach (revision 8452603)
Juliane Marie af Braunschweig-Wolfenbüttel (revision 8437957)
Kaliumklorid (revision 8452216)
Kejserriget Japan (revision 8044942)
Kevin Magnussen (revision 8455302)
København (revision 8427847)
LIGO (revision 8451266)
Latinamerika (revision 7692181)
Leonid Hurwicz (revision 8445727)
Lighthouse X (revision 8452940)
Linkoban (revision 8455879)
Machu Picchu (revision 8406907)
Matador (tv-serie) (revision 8454648)
Middelaldercentret (revision 8449194)
Nobelprisen (revision 8409809)
Nykøbing Falster (revision 8452825)
Nyligt afdøde (revision 8456580)
Overvågning (revision 8455039)
Panorama (foto) (revision 8448393)
Peru (revision 8437485)
Peter Lauritsen (revision 8456097)
Professor (revision 8415451)
Renault F1 (revision 8450843)
S-bus (revision 8455589)
Salomonøerne (revision 8238961)
Slaget om Belgien (1940) (revision 8430013)
Slaget om Guadalcanal (revision 7762887)
Slaget om Henderson Field (revision 8445480)
Slaget om Iwo Jima (revision 8145239)
Soldiers of Love (Lighthouse X-sang) (revision 8452929)
Solen (revision 8276478)
Stillehavskrigen (revision 8430649)
Stockholm (revision 8358042)
Søslaget ved Guadalcanal (revision 7772812)
Thomas Edison (revision 8282441)
Togulykken ved Bad Aibling (revision 8455364)
Topografi (revision 6886168)
USA (revision 8448088)
United States Army (revision 8401635)
United States Marine Corps (revision 8401667)
Vestallierede (revision 6961443)
Wikimedia (revision 8263252)
Wikipedia (revision 8267051)
Zikavirus (revision 8454832)
1. februar (revision 8404985)
10. februar (revision 6877431)
11. februar (revision 6877433)
12. februar (revision 6877437)
13. februar (revision 6877438)
14. februar (revision 6877441)
1497 (revision 7369489)
15. februar (revision 7329463)
1560 (revision 7874693)
1568 (revision 7369703)
1620 (revision 7423903)
1688 (revision 7367090)
18. februar (revision 6877450)

== End of Parsed pages ==

- Wikipedia parsing ended at: 2016-02-19 17:56:42.162636

53 characters appeared 1301488 times.

First 30 characters:
[ 0] Char e: 15.272749345364689 %
[ 1] Char r: 8.48482659847805 %
[ 2] Char n: 7.695652975670924 %
[ 3] Char t: 6.977014002434137 %
[ 4] Char a: 6.780469739252302 %
[ 5] Char i: 6.164636170291236 %
[ 6] Char s: 6.0942551909814 %
[ 7] Char d: 5.953493232361728 %
[ 8] Char l: 5.076650725938311 %
[ 9] Char o: 4.883026197706011 %
[10] Char g: 4.012253666572415 %
[11] Char k: 3.232607599916403 %
[12] Char m: 3.0863135119186653 %
[13] Char f: 2.701600014752345 %
[14] Char v: 2.13970470722742 %
[15] Char b: 1.982423195603801 %
[16] Char u: 1.8339777239590376 %
[17] Char p: 1.5789619266562582 %
[18] Char h: 1.3433085821767086 %
[19] Char ø: 0.8730775850411222 %
[20] Char y: 0.859938777768216 %
[21] Char å: 0.7699648402443973 %
[22] Char æ: 0.7208671920140639 %
[23] Char j: 0.644108896893402 %
[24] Char c: 0.5698093259407694 %
[25] Char w: 0.11087309295206717 %
[26] Char z: 0.05309307500338075 %
[27] Char x: 0.032424424965885205 %
[28] Char é: 0.032193919575132464 %
[29] Char q: 0.012139950579644223 %

The first 30 characters have an accumulated ratio of 0.9997241618823994.

964 sequences found.

First 512 (typical positive ratio): 0.9968082796759031
Next 512 (512-1024): 7.68351302509128e-07
Rest: 3.903127820947816e-17

- Processing end: 2016-02-19 17:56:42.304278
