= Logs of language model for Esperanto (eo) =

- Generated by BuildLangModel.py
- Started: 2015-12-04 01:22:51.466573
- Maximum depth: 3
- Max number of pages: 50

== Parsed pages ==

Vikipedio:Ĉefpaĝo (revision 5524911)
10-a de novembro (revision 5792999)
12-a de novembro (revision 5793854)
13-a de novembro (revision 5795088)
18-a de novembro (revision 5796972)
2-a de novembro (revision 5772615)
20-a de novembro (revision 5799664)
2015 (revision 5791963)
22-a de novembro (revision 5799355)
24-a de novembro (revision 5800563)
4-a de decembro (revision 5806422)
4-a de novembro (revision 5789811)
5-a de novembro (revision 5789774)
6-a de novembro (revision 5790336)
7-a de novembro (revision 5791066)
8-a de novembro (revision 5791337)
9-a de novembro (revision 5791916)
A Night at the Opera (Queen) (revision 5184272)
Abdelhamid Abaaoud (revision 5800134)
André Glucksmann (revision 5792591)
Anglio (revision 5693468)
Argentino (revision 5804665)
Atencoj de novembro 2015 en Parizo (revision 5800135)
Aung San Suu Kyi (revision 5791362)
Austin FX4 (revision 5583207)
Azilo (revision 5751210)
Aŭstrio (revision 5804014)
Bahio (revision 5773065)
Bamako (revision 5798202)
Bataclan (revision 5795605)
Bejruto (revision 5774306)
Birmo (revision 5790386)
Blonda (revision 5441229)
Bohemian rhapsody (revision 5654078)
Cayetano Redondo (revision 5591025)
Ciro la 2-a (revision 5774667)
DJ Abdel (revision 5628860)
Daniela Mercury (revision 5764721)
Decembro de 2015 (revision 5626904)
Dilatkoeficiento (revision 5806460)
Eksproprietigo (revision 5586845)
Elektroniko (revision 5788966)
Elle s'appelait Sarah (filmo) (revision 5475154)
Esperanto (revision 5804190)
Federaciero (revision 5696168)
Fondaĵo Vikimedio (revision 5772681)
Francio (revision 5759775)
François Hollande (revision 5627721)

== End of Parsed pages ==

- Wikipedia parsing ended at: 2015-12-04 01:27:38.176708

56 characters appeared 342524 times.

First 35 characters:
[ 0] Char a: 12.557952143499435 %
[ 1] Char o: 9.84719318938235 %
[ 2] Char e: 9.10242785906973 %
[ 3] Char i: 8.362333734278474 %
[ 4] Char n: 7.6359612757062285 %
[ 5] Char r: 6.630192336887342 %
[ 6] Char t: 5.70821314710794 %
[ 7] Char l: 5.610409781504361 %
[ 8] Char s: 5.004320865107262 %
[ 9] Char k: 3.8855671427403626 %
[10] Char d: 3.7194473963868226 %
[11] Char j: 3.28531723324497 %
[12] Char u: 2.8465158645817517 %
[13] Char m: 2.787833845219605 %
[14] Char p: 2.6582078920017285 %
[15] Char g: 1.6825098387266293 %
[16] Char v: 1.4048650605505015 %
[17] Char c: 1.3823848839789328 %
[18] Char b: 1.1406499982482978 %
[19] Char f: 1.077296773364786 %
[20] Char z: 0.7342551178895493 %
[21] Char h: 0.6735294461118053 %
[22] Char ĝ: 0.53572888323154 %
[23] Char ŭ: 0.4268314045147202 %
[24] Char ĉ: 0.33545094650301877 %
[25] Char y: 0.17079095187490512 %
[26] Char ŝ: 0.15327393116978666 %
[27] Char w: 0.1442234704721421 %
[28] Char ĵ: 0.1039343228503696 %
[29] Char á: 0.0814541462788009 %
[30] Char ó: 0.05430276418586727 %
[31] Char é: 0.053718863495696656 %
[32] Char q: 0.04350060141771087 %
[33] Char x: 0.040873048311943105 %
[34] Char ĥ: 0.03824549520617533 %

The first 35 characters have an accumulated ratio of 0.9991971365510156.

989 sequences found.

First 512 (typical positive ratio): 0.9942980632768038
Next 512 (512-1024): 0.0015327393116978665
Rest: -5.0306980803327406e-17

- Processing end: 2015-12-04 01:27:38.307198
